<?xml version="1.0" encoding="UTF-8"?>
<testng-results ignored="0" total="1" passed="1" failed="0" skipped="0">
  <reporter-output>
  </reporter-output>
  <suite started-at="2023-06-06T22:08:28 IST" name="Default suite" finished-at="2023-06-06T22:08:40 IST" duration-ms="12282">
    <groups>
    </groups>
    <test started-at="2023-06-06T22:08:28 IST" name="Default test" finished-at="2023-06-06T22:08:40 IST" duration-ms="12282">
      <class name="com.obsquera.TestNG.AutoItSampleClass">
        <test-method is-config="true" signature="initializeBrowser()[pri:0, instance:com.obsquera.TestNG.AutoItSampleClass@505fc5a4]" started-at="2023-06-06T22:08:28 IST" name="initializeBrowser" finished-at="2023-06-06T22:08:35 IST" duration-ms="6945" status="PASS">
          <reporter-output>
          </reporter-output>
        </test-method> <!-- initializeBrowser -->
        <test-method signature="fileUploadUsingSendKeys()[pri:0, instance:com.obsquera.TestNG.AutoItSampleClass@505fc5a4]" started-at="2023-06-06T22:08:35 IST" name="fileUploadUsingSendKeys" finished-at="2023-06-06T22:08:40 IST" duration-ms="4694" status="PASS">
          <reporter-output>
          </reporter-output>
        </test-method> <!-- fileUploadUsingSendKeys -->
        <test-method is-config="true" signature="driverQuit()[pri:0, instance:com.obsquera.TestNG.AutoItSampleClass@505fc5a4]" started-at="2023-06-06T22:08:40 IST" name="driverQuit" finished-at="2023-06-06T22:08:40 IST" duration-ms="564" status="PASS">
          <reporter-output>
          </reporter-output>
        </test-method> <!-- driverQuit -->
      </class> <!-- com.obsquera.TestNG.AutoItSampleClass -->
    </test> <!-- Default test -->
  </suite> <!-- Default suite -->
</testng-results>
